{"numFailedTestSuites":1,"numFailedTests":1,"numPassedTestSuites":9,"numPassedTests":46,"numPendingTestSuites":0,"numPendingTests":0,"numRuntimeErrorTestSuites":0,"numTodoTests":0,"numTotalTestSuites":10,"numTotalTests":47,"openHandles":[],"snapshot":{"added":0,"didUpdate":false,"failure":false,"filesAdded":0,"filesRemoved":0,"filesRemovedList":[],"filesUnmatched":0,"filesUpdated":0,"matched":0,"total":0,"unchecked":0,"uncheckedKeysByFile":[],"unmatched":0,"updated":0},"startTime":1767831832675,"success":false,"testResults":[{"assertionResults":[{"ancestorTitles":["CtAdmin (e2e)"],"duration":30,"failing":false,"failureDetails":[],"failureMessages":[],"fullName":"CtAdmin (e2e) returns summary","invocations":1,"location":null,"numPassingAsserts":2,"retryReasons":[],"startAt":1767831833740,"status":"passed","title":"returns summary"},{"ancestorTitles":["CtAdmin (e2e)"],"duration":113,"failing":false,"failureDetails":[],"failureMessages":[],"fullName":"CtAdmin (e2e) manages users, drivers, stops, routes, and vehicles","invocations":1,"location":null,"numPassingAsserts":6,"retryReasons":[],"startAt":1767831833771,"status":"passed","title":"manages users, drivers, stops, routes, and vehicles"}],"endTime":1767831833892,"message":"","name":"/home/kirito/WebstormProjects/city-transport/backend/test/admin.e2e-spec.ts","startTime":1767831832860,"status":"passed","summary":""},{"assertionResults":[{"ancestorTitles":["CtDriver (e2e)"],"duration":13,"failing":false,"failureDetails":[],"failureMessages":[],"fullName":"CtDriver (e2e) returns driver profile","invocations":1,"location":null,"numPassingAsserts":1,"retryReasons":[],"startAt":1767831834212,"status":"passed","title":"returns driver profile"},{"ancestorTitles":["CtDriver (e2e)"],"duration":13,"failing":false,"failureDetails":[],"failureMessages":[],"fullName":"CtDriver (e2e) returns schedule for date","invocations":1,"location":null,"numPassingAsserts":2,"retryReasons":[],"startAt":1767831834226,"status":"passed","title":"returns schedule for date"},{"ancestorTitles":["CtDriver (e2e)"],"duration":10,"failing":false,"failureDetails":[],"failureMessages":[],"fullName":"CtDriver (e2e) returns route stops and points","invocations":1,"location":null,"numPassingAsserts":2,"retryReasons":[],"startAt":1767831834239,"status":"passed","title":"returns route stops and points"},{"ancestorTitles":["CtDriver (e2e)"],"duration":19,"failing":false,"failureDetails":[{}],"failureMessages":["Error: expected 201 \"Created\", got 500 \"Internal Server Error\"\n    at Object.<anonymous> (/home/kirito/WebstormProjects/city-transport/backend/test/driver.e2e-spec.ts:83:10)\n    at processTicksAndRejections (node:internal/process/task_queues:103:5)\n----\n    at Test._assertStatus (/home/kirito/WebstormProjects/city-transport/backend/node_modules/.pnpm/supertest@7.1.4/node_modules/supertest/lib/test.js:309:14)\n    at /home/kirito/WebstormProjects/city-transport/backend/node_modules/.pnpm/supertest@7.1.4/node_modules/supertest/lib/test.js:365:13\n    at Test._assertFunction (/home/kirito/WebstormProjects/city-transport/backend/node_modules/.pnpm/supertest@7.1.4/node_modules/supertest/lib/test.js:342:13)\n    at Test.assert (/home/kirito/WebstormProjects/city-transport/backend/node_modules/.pnpm/supertest@7.1.4/node_modules/supertest/lib/test.js:195:23)\n    at localAssert (/home/kirito/WebstormProjects/city-transport/backend/node_modules/.pnpm/supertest@7.1.4/node_modules/supertest/lib/test.js:138:14)\n    at Server.<anonymous> (/home/kirito/WebstormProjects/city-transport/backend/node_modules/.pnpm/supertest@7.1.4/node_modules/supertest/lib/test.js:152:11)\n    at Object.onceWrapper (node:events:622:28)\n    at Server.emit (node:events:508:28)\n    at emitCloseNT (node:net:2419:8)\n    at processTicksAndRejections (node:internal/process/task_queues:88:21)"],"fullName":"CtDriver (e2e) manages a driver trip flow","invocations":1,"location":null,"numPassingAsserts":0,"retryReasons":[],"startAt":1767831834249,"status":"failed","title":"manages a driver trip flow"}],"endTime":1767831834286,"message":"\u001b[1m\u001b[31m  \u001b[1m● \u001b[22m\u001b[1mCtDriver (e2e) › manages a driver trip flow\u001b[39m\u001b[22m\n\n    expected 201 \"Created\", got 500 \"Internal Server Error\"\n\u001b[2m\u001b[22m\n\u001b[2m    \u001b[0m \u001b[90m 81 |\u001b[39m         \u001b[33m.\u001b[39m\u001b[36mset\u001b[39m(authHeader(token))\u001b[22m\n\u001b[2m     \u001b[90m 82 |\u001b[39m         \u001b[33m.\u001b[39msend({ endedAt\u001b[33m:\u001b[39m endedAt\u001b[33m.\u001b[39mtoISOString() })\u001b[22m\n\u001b[2m    \u001b[31m\u001b[1m>\u001b[22m\u001b[2m\u001b[39m\u001b[90m 83 |\u001b[39m         \u001b[33m.\u001b[39mexpect(\u001b[35m201\u001b[39m)\u001b[33m;\u001b[39m\u001b[22m\n\u001b[2m     \u001b[90m    |\u001b[39m          \u001b[31m\u001b[1m^\u001b[22m\u001b[2m\u001b[39m\u001b[22m\n\u001b[2m     \u001b[90m 84 |\u001b[39m     }\u001b[22m\n\u001b[2m     \u001b[90m 85 |\u001b[39m\u001b[22m\n\u001b[2m     \u001b[90m 86 |\u001b[39m     \u001b[36mconst\u001b[39m start \u001b[33m=\u001b[39m \u001b[36mawait\u001b[39m request(app\u001b[33m.\u001b[39mgetHttpServer())\u001b[0m\u001b[22m\n\u001b[2m\u001b[22m\n\u001b[2m      \u001b[2mat Object.<anonymous> (\u001b[22m\u001b[2m\u001b[0m\u001b[36mdriver.e2e-spec.ts\u001b[39m\u001b[0m\u001b[2m:83:10)\u001b[22m\u001b[2m\u001b[22m\n\u001b[2m      ----\u001b[22m\n\u001b[2m      \u001b[2mat Test._assertStatus (\u001b[22m\u001b[2m../node_modules/.pnpm/supertest@7.1.4/node_modules/supertest/lib/test.js\u001b[2m:309:14)\u001b[22m\u001b[2m\u001b[22m\n\u001b[2m      \u001b[2mat \u001b[22m\u001b[2m../node_modules/.pnpm/supertest@7.1.4/node_modules/supertest/lib/test.js\u001b[2m:365:13\u001b[22m\u001b[2m\u001b[22m\n\u001b[2m      \u001b[2mat Test._assertFunction (\u001b[22m\u001b[2m../node_modules/.pnpm/supertest@7.1.4/node_modules/supertest/lib/test.js\u001b[2m:342:13)\u001b[22m\u001b[2m\u001b[22m\n\u001b[2m      \u001b[2mat Test.assert (\u001b[22m\u001b[2m../node_modules/.pnpm/supertest@7.1.4/node_modules/supertest/lib/test.js\u001b[2m:195:23)\u001b[22m\u001b[2m\u001b[22m\n\u001b[2m      \u001b[2mat localAssert (\u001b[22m\u001b[2m../node_modules/.pnpm/supertest@7.1.4/node_modules/supertest/lib/test.js\u001b[2m:138:14)\u001b[22m\u001b[2m\u001b[22m\n\u001b[2m      \u001b[2mat Server.<anonymous> (\u001b[22m\u001b[2m../node_modules/.pnpm/supertest@7.1.4/node_modules/supertest/lib/test.js\u001b[2m:152:11)\u001b[22m\u001b[2m\u001b[22m\n","name":"/home/kirito/WebstormProjects/city-transport/backend/test/driver.e2e-spec.ts","startTime":1767831833900,"status":"failed","summary":""},{"assertionResults":[{"ancestorTitles":["CtManager (e2e)"],"duration":28,"failing":false,"failureDetails":[],"failureMessages":[],"fullName":"CtManager (e2e) lists reference data","invocations":1,"location":null,"numPassingAsserts":0,"retryReasons":[],"startAt":1767831834532,"status":"passed","title":"lists reference data"},{"ancestorTitles":["CtManager (e2e)"],"duration":15,"failing":false,"failureDetails":[],"failureMessages":[],"fullName":"CtManager (e2e) hires driver and adds vehicle","invocations":1,"location":null,"numPassingAsserts":2,"retryReasons":[],"startAt":1767831834560,"status":"passed","title":"hires driver and adds vehicle"}],"endTime":1767831834580,"message":"","name":"/home/kirito/WebstormProjects/city-transport/backend/test/manager.e2e-spec.ts","startTime":1767831834290,"status":"passed","summary":""},{"assertionResults":[{"ancestorTitles":["CtGuest (e2e)"],"duration":8,"failing":false,"failureDetails":[],"failureMessages":[],"fullName":"CtGuest (e2e) lists transport types","invocations":1,"location":null,"numPassingAsserts":2,"retryReasons":[],"startAt":1767831834817,"status":"passed","title":"lists transport types"},{"ancestorTitles":["CtGuest (e2e)"],"duration":4,"failing":false,"failureDetails":[],"failureMessages":[],"fullName":"CtGuest (e2e) lists routes","invocations":1,"location":null,"numPassingAsserts":2,"retryReasons":[],"startAt":1767831834825,"status":"passed","title":"lists routes"},{"ancestorTitles":["CtGuest (e2e)"],"duration":18,"failing":false,"failureDetails":[],"failureMessages":[],"fullName":"CtGuest (e2e) returns nearby stops","invocations":1,"location":null,"numPassingAsserts":1,"retryReasons":[],"startAt":1767831834829,"status":"passed","title":"returns nearby stops"},{"ancestorTitles":["CtGuest (e2e)"],"duration":4,"failing":false,"failureDetails":[],"failureMessages":[],"fullName":"CtGuest (e2e) returns routes by stop","invocations":1,"location":null,"numPassingAsserts":1,"retryReasons":[],"startAt":1767831834848,"status":"passed","title":"returns routes by stop"},{"ancestorTitles":["CtGuest (e2e)"],"duration":3,"failing":false,"failureDetails":[],"failureMessages":[],"fullName":"CtGuest (e2e) returns route stops","invocations":1,"location":null,"numPassingAsserts":2,"retryReasons":[],"startAt":1767831834853,"status":"passed","title":"returns route stops"},{"ancestorTitles":["CtGuest (e2e)"],"duration":4,"failing":false,"failureDetails":[],"failureMessages":[],"fullName":"CtGuest (e2e) returns route points","invocations":1,"location":null,"numPassingAsserts":2,"retryReasons":[],"startAt":1767831834856,"status":"passed","title":"returns route points"},{"ancestorTitles":["CtGuest (e2e)"],"duration":25,"failing":false,"failureDetails":[],"failureMessages":[],"fullName":"CtGuest (e2e) returns route geometry","invocations":1,"location":null,"numPassingAsserts":1,"retryReasons":[],"startAt":1767831834860,"status":"passed","title":"returns route geometry"},{"ancestorTitles":["CtGuest (e2e)"],"duration":62,"failing":false,"failureDetails":[],"failureMessages":[],"fullName":"CtGuest (e2e) returns route geometries","invocations":1,"location":null,"numPassingAsserts":2,"retryReasons":[],"startAt":1767831834885,"status":"passed","title":"returns route geometries"},{"ancestorTitles":["CtGuest (e2e)"],"duration":7,"failing":false,"failureDetails":[],"failureMessages":[],"fullName":"CtGuest (e2e) returns stop geometries","invocations":1,"location":null,"numPassingAsserts":2,"retryReasons":[],"startAt":1767831834948,"status":"passed","title":"returns stop geometries"},{"ancestorTitles":["CtGuest (e2e)"],"duration":14,"failing":false,"failureDetails":[],"failureMessages":[],"fullName":"CtGuest (e2e) finds routes between points","invocations":1,"location":null,"numPassingAsserts":1,"retryReasons":[],"startAt":1767831834956,"status":"passed","title":"finds routes between points"},{"ancestorTitles":["CtGuest (e2e)"],"duration":7,"failing":false,"failureDetails":[],"failureMessages":[],"fullName":"CtGuest (e2e) returns route schedule","invocations":1,"location":null,"numPassingAsserts":2,"retryReasons":[],"startAt":1767831834970,"status":"passed","title":"returns route schedule"},{"ancestorTitles":["CtGuest (e2e)"],"duration":8,"failing":false,"failureDetails":[],"failureMessages":[],"fullName":"CtGuest (e2e) accepts guest complaint","invocations":1,"location":null,"numPassingAsserts":0,"retryReasons":[],"startAt":1767831834977,"status":"passed","title":"accepts guest complaint"}],"endTime":1767831834989,"message":"","name":"/home/kirito/WebstormProjects/city-transport/backend/test/guest.e2e-spec.ts","startTime":1767831834584,"status":"passed","summary":""},{"assertionResults":[{"ancestorTitles":["CtDispatcher (e2e)"],"duration":55,"failing":false,"failureDetails":[],"failureMessages":[],"fullName":"CtDispatcher (e2e) returns dashboard data","invocations":1,"location":null,"numPassingAsserts":4,"retryReasons":[],"startAt":1767831835241,"status":"passed","title":"returns dashboard data"},{"ancestorTitles":["CtDispatcher (e2e)"],"duration":86,"failing":false,"failureDetails":[],"failureMessages":[],"fullName":"CtDispatcher (e2e) manages schedules and assignments","invocations":1,"location":null,"numPassingAsserts":3,"retryReasons":[],"startAt":1767831835296,"status":"passed","title":"manages schedules and assignments"}],"endTime":1767831835386,"message":"","name":"/home/kirito/WebstormProjects/city-transport/backend/test/dispatcher.e2e-spec.ts","startTime":1767831834993,"status":"passed","summary":""},{"assertionResults":[{"ancestorTitles":["CtPassenger (e2e)"],"duration":5,"failing":false,"failureDetails":[],"failureMessages":[],"fullName":"CtPassenger (e2e) lists passenger cards","invocations":1,"location":null,"numPassingAsserts":2,"retryReasons":[],"startAt":1767831835655,"status":"passed","title":"lists passenger cards"},{"ancestorTitles":["CtPassenger (e2e)"],"duration":6,"failing":false,"failureDetails":[],"failureMessages":[],"fullName":"CtPassenger (e2e) tops up a card","invocations":1,"location":null,"numPassingAsserts":0,"retryReasons":[],"startAt":1767831835660,"status":"passed","title":"tops up a card"},{"ancestorTitles":["CtPassenger (e2e)"],"duration":5,"failing":false,"failureDetails":[],"failureMessages":[],"fullName":"CtPassenger (e2e) buys a ticket","invocations":1,"location":null,"numPassingAsserts":1,"retryReasons":[],"startAt":1767831835667,"status":"passed","title":"buys a ticket"},{"ancestorTitles":["CtPassenger (e2e)"],"duration":4,"failing":false,"failureDetails":[],"failureMessages":[],"fullName":"CtPassenger (e2e) lists trips","invocations":1,"location":null,"numPassingAsserts":2,"retryReasons":[],"startAt":1767831835672,"status":"passed","title":"lists trips"},{"ancestorTitles":["CtPassenger (e2e)"],"duration":4,"failing":false,"failureDetails":[],"failureMessages":[],"fullName":"CtPassenger (e2e) lists fines","invocations":1,"location":null,"numPassingAsserts":2,"retryReasons":[],"startAt":1767831835676,"status":"passed","title":"lists fines"},{"ancestorTitles":["CtPassenger (e2e)"],"duration":4,"failing":false,"failureDetails":[],"failureMessages":[],"fullName":"CtPassenger (e2e) returns fine details","invocations":1,"location":null,"numPassingAsserts":1,"retryReasons":[],"startAt":1767831835680,"status":"passed","title":"returns fine details"},{"ancestorTitles":["CtPassenger (e2e)"],"duration":5,"failing":false,"failureDetails":[],"failureMessages":[],"fullName":"CtPassenger (e2e) submits an appeal","invocations":1,"location":null,"numPassingAsserts":1,"retryReasons":[],"startAt":1767831835684,"status":"passed","title":"submits an appeal"},{"ancestorTitles":["CtPassenger (e2e)"],"duration":18,"failing":false,"failureDetails":[],"failureMessages":[],"fullName":"CtPassenger (e2e) returns nearby stops","invocations":1,"location":null,"numPassingAsserts":1,"retryReasons":[],"startAt":1767831835689,"status":"passed","title":"returns nearby stops"},{"ancestorTitles":["CtPassenger (e2e)"],"duration":30,"failing":false,"failureDetails":[],"failureMessages":[],"fullName":"CtPassenger (e2e) finds routes between points","invocations":1,"location":null,"numPassingAsserts":1,"retryReasons":[],"startAt":1767831835707,"status":"passed","title":"finds routes between points"},{"ancestorTitles":["CtPassenger (e2e)"],"duration":5,"failing":false,"failureDetails":[],"failureMessages":[],"fullName":"CtPassenger (e2e) submits a complaint","invocations":1,"location":null,"numPassingAsserts":0,"retryReasons":[],"startAt":1767831835737,"status":"passed","title":"submits a complaint"}],"endTime":1767831835747,"message":"","name":"/home/kirito/WebstormProjects/city-transport/backend/test/passenger.e2e-spec.ts","startTime":1767831835393,"status":"passed","summary":""},{"assertionResults":[{"ancestorTitles":["CtMunicipality (e2e)"],"duration":36,"failing":false,"failureDetails":[],"failureMessages":[],"fullName":"CtMunicipality (e2e) lists reference data","invocations":1,"location":null,"numPassingAsserts":0,"retryReasons":[],"startAt":1767831835994,"status":"passed","title":"lists reference data"},{"ancestorTitles":["CtMunicipality (e2e)"],"duration":9,"failing":false,"failureDetails":[],"failureMessages":[],"fullName":"CtMunicipality (e2e) creates and updates a stop","invocations":1,"location":null,"numPassingAsserts":1,"retryReasons":[],"startAt":1767831836030,"status":"passed","title":"creates and updates a stop"},{"ancestorTitles":["CtMunicipality (e2e)"],"duration":29,"failing":false,"failureDetails":[],"failureMessages":[],"fullName":"CtMunicipality (e2e) creates route with geometry","invocations":1,"location":null,"numPassingAsserts":1,"retryReasons":[],"startAt":1767831836040,"status":"passed","title":"creates route with geometry"},{"ancestorTitles":["CtMunicipality (e2e)"],"duration":12,"failing":false,"failureDetails":[],"failureMessages":[],"fullName":"CtMunicipality (e2e) returns passenger flow and complaints","invocations":1,"location":null,"numPassingAsserts":2,"retryReasons":[],"startAt":1767831836070,"status":"passed","title":"returns passenger flow and complaints"}],"endTime":1767831836089,"message":"","name":"/home/kirito/WebstormProjects/city-transport/backend/test/municipality.e2e-spec.ts","startTime":1767831835751,"status":"passed","summary":""},{"assertionResults":[{"ancestorTitles":["CtAccountant (e2e)"],"duration":13,"failing":false,"failureDetails":[],"failureMessages":[],"fullName":"CtAccountant (e2e) upserts budget","invocations":1,"location":null,"numPassingAsserts":1,"retryReasons":[],"startAt":1767831836314,"status":"passed","title":"upserts budget"},{"ancestorTitles":["CtAccountant (e2e)"],"duration":12,"failing":false,"failureDetails":[],"failureMessages":[],"fullName":"CtAccountant (e2e) lists budgets","invocations":1,"location":null,"numPassingAsserts":1,"retryReasons":[],"startAt":1767831836327,"status":"passed","title":"lists budgets"},{"ancestorTitles":["CtAccountant (e2e)"],"duration":5,"failing":false,"failureDetails":[],"failureMessages":[],"fullName":"CtAccountant (e2e) adds an expense","invocations":1,"location":null,"numPassingAsserts":1,"retryReasons":[],"startAt":1767831836339,"status":"passed","title":"adds an expense"},{"ancestorTitles":["CtAccountant (e2e)"],"duration":3,"failing":false,"failureDetails":[],"failureMessages":[],"fullName":"CtAccountant (e2e) lists expenses","invocations":1,"location":null,"numPassingAsserts":1,"retryReasons":[],"startAt":1767831836344,"status":"passed","title":"lists expenses"},{"ancestorTitles":["CtAccountant (e2e)"],"duration":5,"failing":false,"failureDetails":[],"failureMessages":[],"fullName":"CtAccountant (e2e) creates salary payment","invocations":1,"location":null,"numPassingAsserts":1,"retryReasons":[],"startAt":1767831836348,"status":"passed","title":"creates salary payment"},{"ancestorTitles":["CtAccountant (e2e)"],"duration":4,"failing":false,"failureDetails":[],"failureMessages":[],"fullName":"CtAccountant (e2e) lists salary history","invocations":1,"location":null,"numPassingAsserts":1,"retryReasons":[],"startAt":1767831836353,"status":"passed","title":"lists salary history"},{"ancestorTitles":["CtAccountant (e2e)"],"duration":4,"failing":false,"failureDetails":[],"failureMessages":[],"fullName":"CtAccountant (e2e) returns income summary","invocations":1,"location":null,"numPassingAsserts":1,"retryReasons":[],"startAt":1767831836358,"status":"passed","title":"returns income summary"},{"ancestorTitles":["CtAccountant (e2e)"],"duration":4,"failing":false,"failureDetails":[],"failureMessages":[],"fullName":"CtAccountant (e2e) returns financial report","invocations":1,"location":null,"numPassingAsserts":1,"retryReasons":[],"startAt":1767831836362,"status":"passed","title":"returns financial report"}],"endTime":1767831836370,"message":"","name":"/home/kirito/WebstormProjects/city-transport/backend/test/accountant.e2e-spec.ts","startTime":1767831836096,"status":"passed","summary":""},{"assertionResults":[{"ancestorTitles":["CtController (e2e)"],"duration":20,"failing":false,"failureDetails":[],"failureMessages":[],"fullName":"CtController (e2e) checks card details","invocations":1,"location":null,"numPassingAsserts":1,"retryReasons":[],"startAt":1767831836598,"status":"passed","title":"checks card details"},{"ancestorTitles":["CtController (e2e)"],"duration":14,"failing":false,"failureDetails":[],"failureMessages":[],"fullName":"CtController (e2e) issues a fine","invocations":1,"location":null,"numPassingAsserts":1,"retryReasons":[],"startAt":1767831836619,"status":"passed","title":"issues a fine"}],"endTime":1767831836642,"message":"","name":"/home/kirito/WebstormProjects/city-transport/backend/test/controller.e2e-spec.ts","startTime":1767831836374,"status":"passed","summary":""},{"assertionResults":[{"ancestorTitles":["AppController (e2e)"],"duration":5,"failing":false,"failureDetails":[],"failureMessages":[],"fullName":"AppController (e2e) / (GET)","invocations":1,"location":null,"numPassingAsserts":0,"retryReasons":[],"startAt":1767831836816,"status":"passed","title":"/ (GET)"}],"endTime":1767831836829,"message":"","name":"/home/kirito/WebstormProjects/city-transport/backend/test/app.e2e-spec.ts","startTime":1767831836649,"status":"passed","summary":""}],"wasInterrupted":false}
